{"/home/ubuntu/assignment0706/Campus-Summer-Back-End/students/steven/Canchu/server.js": {"path":"/home/ubuntu/assignment0706/Campus-Summer-Back-End/students/steven/Canchu/server.js","statementMap":{"0":{"start":{"line":1,"column":16},"end":{"line":1,"column":34}},"1":{"start":{"line":2,"column":12},"end":{"line":2,"column":21}},"2":{"start":{"line":3,"column":13},"end":{"line":3,"column":17}},"3":{"start":{"line":4,"column":19},"end":{"line":4,"column":41}},"4":{"start":{"line":5,"column":13},"end":{"line":5,"column":28}},"5":{"start":{"line":6,"column":13},"end":{"line":6,"column":28}},"6":{"start":{"line":7,"column":18},"end":{"line":7,"column":47}},"7":{"start":{"line":10,"column":16},"end":{"line":14,"column":2}},"8":{"start":{"line":15,"column":0},"end":{"line":15,"column":17}},"9":{"start":{"line":18,"column":0},"end":{"line":18,"column":16}},"10":{"start":{"line":21,"column":0},"end":{"line":21,"column":27}},"11":{"start":{"line":24,"column":0},"end":{"line":24,"column":27}},"12":{"start":{"line":27,"column":0},"end":{"line":27,"column":67}},"13":{"start":{"line":28,"column":0},"end":{"line":31,"column":3}},"14":{"start":{"line":29,"column":19},"end":{"line":29,"column":89}},"15":{"start":{"line":30,"column":2},"end":{"line":30,"column":25}},"16":{"start":{"line":34,"column":19},"end":{"line":34,"column":49}},"17":{"start":{"line":35,"column":0},"end":{"line":35,"column":38}},"18":{"start":{"line":37,"column":21},"end":{"line":37,"column":53}},"19":{"start":{"line":38,"column":0},"end":{"line":38,"column":42}},"20":{"start":{"line":40,"column":20},"end":{"line":40,"column":51}},"21":{"start":{"line":41,"column":0},"end":{"line":41,"column":40}},"22":{"start":{"line":43,"column":19},"end":{"line":43,"column":49}},"23":{"start":{"line":44,"column":0},"end":{"line":44,"column":38}},"24":{"start":{"line":46,"column":0},"end":{"line":46,"column":68}},"25":{"start":{"line":46,"column":28},"end":{"line":46,"column":66}},"26":{"start":{"line":48,"column":0},"end":{"line":50,"column":2}},"27":{"start":{"line":49,"column":2},"end":{"line":49,"column":54}},"28":{"start":{"line":52,"column":0},"end":{"line":52,"column":21}}},"fnMap":{"0":{"name":"(anonymous_0)","decl":{"start":{"line":28,"column":76},"end":{"line":28,"column":77}},"loc":{"start":{"line":28,"column":90},"end":{"line":31,"column":1}},"line":28},"1":{"name":"(anonymous_1)","decl":{"start":{"line":46,"column":13},"end":{"line":46,"column":14}},"loc":{"start":{"line":46,"column":27},"end":{"line":46,"column":67}},"line":46},"2":{"name":"(anonymous_2)","decl":{"start":{"line":48,"column":17},"end":{"line":48,"column":18}},"loc":{"start":{"line":48,"column":23},"end":{"line":50,"column":1}},"line":48}},"branchMap":{},"s":{"0":1,"1":1,"2":1,"3":1,"4":1,"5":1,"6":1,"7":1,"8":1,"9":1,"10":1,"11":1,"12":1,"13":1,"14":0,"15":0,"16":1,"17":1,"18":1,"19":1,"20":1,"21":1,"22":1,"23":1,"24":1,"25":0,"26":1,"27":1,"28":1},"f":{"0":0,"1":0,"2":1},"b":{},"_coverageSchema":"1a1c01bbd47fc00a2c39e90264f33305004495a9","hash":"96a0272a481243adc057cf1e20f4754df86682b8"}
,"/home/ubuntu/assignment0706/Campus-Summer-Back-End/students/steven/Canchu/controllers/eventController.js": {"path":"/home/ubuntu/assignment0706/Campus-Summer-Back-End/students/steven/Canchu/controllers/eventController.js","statementMap":{"0":{"start":{"line":1,"column":19},"end":{"line":1,"column":50}},"1":{"start":{"line":3,"column":0},"end":{"line":13,"column":1}},"2":{"start":{"line":5,"column":19},"end":{"line":5,"column":30}},"3":{"start":{"line":6,"column":8},"end":{"line":6,"column":41}},"4":{"start":{"line":9,"column":19},"end":{"line":9,"column":30}},"5":{"start":{"line":10,"column":25},"end":{"line":10,"column":44}},"6":{"start":{"line":11,"column":8},"end":{"line":11,"column":51}}},"fnMap":{"0":{"name":"(anonymous_0)","decl":{"start":{"line":4,"column":14},"end":{"line":4,"column":15}},"loc":{"start":{"line":4,"column":32},"end":{"line":7,"column":5}},"line":4},"1":{"name":"(anonymous_1)","decl":{"start":{"line":8,"column":15},"end":{"line":8,"column":16}},"loc":{"start":{"line":8,"column":33},"end":{"line":12,"column":5}},"line":8}},"branchMap":{},"s":{"0":1,"1":1,"2":0,"3":0,"4":0,"5":0,"6":0},"f":{"0":0,"1":0},"b":{},"_coverageSchema":"1a1c01bbd47fc00a2c39e90264f33305004495a9","hash":"01c59e98d7efb7977835e207e1122cea93c7cd97"}
,"/home/ubuntu/assignment0706/Campus-Summer-Back-End/students/steven/Canchu/controllers/friendController.js": {"path":"/home/ubuntu/assignment0706/Campus-Summer-Back-End/students/steven/Canchu/controllers/friendController.js","statementMap":{"0":{"start":{"line":1,"column":20},"end":{"line":1,"column":52}},"1":{"start":{"line":3,"column":0},"end":{"line":25,"column":1}},"2":{"start":{"line":5,"column":24},"end":{"line":5,"column":42}},"3":{"start":{"line":6,"column":8},"end":{"line":6,"column":62}},"4":{"start":{"line":9,"column":19},"end":{"line":9,"column":30}},"5":{"start":{"line":10,"column":8},"end":{"line":10,"column":44}},"6":{"start":{"line":13,"column":19},"end":{"line":13,"column":30}},"7":{"start":{"line":14,"column":8},"end":{"line":14,"column":44}},"8":{"start":{"line":17,"column":19},"end":{"line":17,"column":43}},"9":{"start":{"line":18,"column":8},"end":{"line":18,"column":55}},"10":{"start":{"line":21,"column":19},"end":{"line":21,"column":43}},"11":{"start":{"line":22,"column":5},"end":{"line":22,"column":38}},"12":{"start":{"line":23,"column":8},"end":{"line":23,"column":58}}},"fnMap":{"0":{"name":"(anonymous_0)","decl":{"start":{"line":4,"column":17},"end":{"line":4,"column":18}},"loc":{"start":{"line":4,"column":35},"end":{"line":7,"column":5}},"line":4},"1":{"name":"(anonymous_1)","decl":{"start":{"line":8,"column":16},"end":{"line":8,"column":17}},"loc":{"start":{"line":8,"column":34},"end":{"line":11,"column":5}},"line":8},"2":{"name":"(anonymous_2)","decl":{"start":{"line":12,"column":16},"end":{"line":12,"column":17}},"loc":{"start":{"line":12,"column":34},"end":{"line":15,"column":5}},"line":12},"3":{"name":"(anonymous_3)","decl":{"start":{"line":16,"column":15},"end":{"line":16,"column":16}},"loc":{"start":{"line":16,"column":33},"end":{"line":19,"column":5}},"line":16},"4":{"name":"(anonymous_4)","decl":{"start":{"line":20,"column":18},"end":{"line":20,"column":19}},"loc":{"start":{"line":20,"column":36},"end":{"line":24,"column":5}},"line":20}},"branchMap":{},"s":{"0":1,"1":1,"2":0,"3":0,"4":0,"5":0,"6":0,"7":0,"8":0,"9":0,"10":0,"11":0,"12":0},"f":{"0":0,"1":0,"2":0,"3":0,"4":0},"b":{},"_coverageSchema":"1a1c01bbd47fc00a2c39e90264f33305004495a9","hash":"e111a16398fc1db9bf2332e516fd12b5f6ccccf2"}
,"/home/ubuntu/assignment0706/Campus-Summer-Back-End/students/steven/Canchu/controllers/postController.js": {"path":"/home/ubuntu/assignment0706/Campus-Summer-Back-End/students/steven/Canchu/controllers/postController.js","statementMap":{"0":{"start":{"line":1,"column":18},"end":{"line":1,"column":48}},"1":{"start":{"line":3,"column":0},"end":{"line":46,"column":1}},"2":{"start":{"line":5,"column":28},"end":{"line":5,"column":36}},"3":{"start":{"line":6,"column":19},"end":{"line":6,"column":30}},"4":{"start":{"line":7,"column":8},"end":{"line":7,"column":53}},"5":{"start":{"line":8,"column":8},"end":{"line":8,"column":50}},"6":{"start":{"line":11,"column":19},"end":{"line":11,"column":30}},"7":{"start":{"line":12,"column":24},"end":{"line":12,"column":37}},"8":{"start":{"line":13,"column":8},"end":{"line":13,"column":53}},"9":{"start":{"line":14,"column":8},"end":{"line":14,"column":50}},"10":{"start":{"line":17,"column":28},"end":{"line":17,"column":36}},"11":{"start":{"line":18,"column":19},"end":{"line":18,"column":30}},"12":{"start":{"line":19,"column":24},"end":{"line":19,"column":37}},"13":{"start":{"line":20,"column":8},"end":{"line":20,"column":64}},"14":{"start":{"line":21,"column":8},"end":{"line":21,"column":61}},"15":{"start":{"line":24,"column":19},"end":{"line":24,"column":30}},"16":{"start":{"line":25,"column":24},"end":{"line":25,"column":37}},"17":{"start":{"line":26,"column":8},"end":{"line":26,"column":53}},"18":{"start":{"line":27,"column":8},"end":{"line":27,"column":50}},"19":{"start":{"line":30,"column":28},"end":{"line":30,"column":36}},"20":{"start":{"line":31,"column":19},"end":{"line":31,"column":30}},"21":{"start":{"line":32,"column":24},"end":{"line":32,"column":37}},"22":{"start":{"line":33,"column":8},"end":{"line":33,"column":61}},"23":{"start":{"line":34,"column":8},"end":{"line":34,"column":58}},"24":{"start":{"line":37,"column":24},"end":{"line":37,"column":37}},"25":{"start":{"line":38,"column":8},"end":{"line":38,"column":49}},"26":{"start":{"line":39,"column":8},"end":{"line":39,"column":58}},"27":{"start":{"line":42,"column":36},"end":{"line":42,"column":45}},"28":{"start":{"line":43,"column":8},"end":{"line":43,"column":69}},"29":{"start":{"line":44,"column":8},"end":{"line":44,"column":66}}},"fnMap":{"0":{"name":"(anonymous_0)","decl":{"start":{"line":4,"column":16},"end":{"line":4,"column":17}},"loc":{"start":{"line":4,"column":34},"end":{"line":9,"column":5}},"line":4},"1":{"name":"(anonymous_1)","decl":{"start":{"line":10,"column":16},"end":{"line":10,"column":17}},"loc":{"start":{"line":10,"column":34},"end":{"line":15,"column":5}},"line":10},"2":{"name":"(anonymous_2)","decl":{"start":{"line":16,"column":19},"end":{"line":16,"column":20}},"loc":{"start":{"line":16,"column":37},"end":{"line":22,"column":5}},"line":16},"3":{"name":"(anonymous_3)","decl":{"start":{"line":23,"column":16},"end":{"line":23,"column":17}},"loc":{"start":{"line":23,"column":34},"end":{"line":28,"column":5}},"line":23},"4":{"name":"(anonymous_4)","decl":{"start":{"line":29,"column":16},"end":{"line":29,"column":17}},"loc":{"start":{"line":29,"column":34},"end":{"line":35,"column":5}},"line":29},"5":{"name":"(anonymous_5)","decl":{"start":{"line":36,"column":15},"end":{"line":36,"column":16}},"loc":{"start":{"line":36,"column":33},"end":{"line":40,"column":5}},"line":36},"6":{"name":"(anonymous_6)","decl":{"start":{"line":41,"column":15},"end":{"line":41,"column":16}},"loc":{"start":{"line":41,"column":33},"end":{"line":45,"column":5}},"line":41}},"branchMap":{},"s":{"0":1,"1":1,"2":0,"3":0,"4":0,"5":0,"6":0,"7":0,"8":0,"9":0,"10":0,"11":0,"12":0,"13":0,"14":0,"15":0,"16":0,"17":0,"18":0,"19":0,"20":0,"21":0,"22":0,"23":0,"24":0,"25":0,"26":0,"27":0,"28":0,"29":0},"f":{"0":0,"1":0,"2":0,"3":0,"4":0,"5":0,"6":0},"b":{},"_coverageSchema":"1a1c01bbd47fc00a2c39e90264f33305004495a9","hash":"2dea60584781565417a996e21d2a7d5c6562aebc"}
,"/home/ubuntu/assignment0706/Campus-Summer-Back-End/students/steven/Canchu/controllers/userController.js": {"path":"/home/ubuntu/assignment0706/Campus-Summer-Back-End/students/steven/Canchu/controllers/userController.js","statementMap":{"0":{"start":{"line":1,"column":18},"end":{"line":1,"column":48}},"1":{"start":{"line":2,"column":13},"end":{"line":2,"column":37}},"2":{"start":{"line":4,"column":0},"end":{"line":79,"column":1}},"3":{"start":{"line":6,"column":60},"end":{"line":6,"column":68}},"4":{"start":{"line":7,"column":8},"end":{"line":9,"column":9}},"5":{"start":{"line":8,"column":12},"end":{"line":8,"column":74}},"6":{"start":{"line":10,"column":8},"end":{"line":12,"column":11}},"7":{"start":{"line":11,"column":12},"end":{"line":11,"column":71}},"8":{"start":{"line":13,"column":8},"end":{"line":15,"column":11}},"9":{"start":{"line":14,"column":12},"end":{"line":14,"column":86}},"10":{"start":{"line":16,"column":8},"end":{"line":18,"column":11}},"11":{"start":{"line":17,"column":12},"end":{"line":17,"column":98}},"12":{"start":{"line":19,"column":8},"end":{"line":41,"column":9}},"13":{"start":{"line":20,"column":12},"end":{"line":38,"column":18}},"14":{"start":{"line":23,"column":46},"end":{"line":23,"column":59}},"15":{"start":{"line":24,"column":33},"end":{"line":30,"column":21}},"16":{"start":{"line":31,"column":34},"end":{"line":31,"column":58}},"17":{"start":{"line":32,"column":20},"end":{"line":37,"column":23}},"18":{"start":{"line":40,"column":12},"end":{"line":40,"column":63}},"19":{"start":{"line":46,"column":42},"end":{"line":46,"column":50}},"20":{"start":{"line":48,"column":8},"end":{"line":56,"column":9}},"21":{"start":{"line":49,"column":12},"end":{"line":49,"column":78}},"22":{"start":{"line":51,"column":32},"end":{"line":51,"column":57}},"23":{"start":{"line":52,"column":12},"end":{"line":54,"column":13}},"24":{"start":{"line":53,"column":16},"end":{"line":53,"column":84}},"25":{"start":{"line":55,"column":12},"end":{"line":55,"column":59}},"26":{"start":{"line":60,"column":23},"end":{"line":60,"column":36}},"27":{"start":{"line":61,"column":8},"end":{"line":61,"column":58}},"28":{"start":{"line":65,"column":45},"end":{"line":65,"column":53}},"29":{"start":{"line":66,"column":19},"end":{"line":66,"column":30}},"30":{"start":{"line":67,"column":8},"end":{"line":67,"column":69}},"31":{"start":{"line":71,"column":19},"end":{"line":71,"column":30}},"32":{"start":{"line":72,"column":8},"end":{"line":72,"column":64}},"33":{"start":{"line":76,"column":24},"end":{"line":76,"column":41}},"34":{"start":{"line":77,"column":8},"end":{"line":77,"column":43}}},"fnMap":{"0":{"name":"(anonymous_0)","decl":{"start":{"line":5,"column":12},"end":{"line":5,"column":13}},"loc":{"start":{"line":5,"column":32},"end":{"line":42,"column":5}},"line":5},"1":{"name":"(anonymous_1)","decl":{"start":{"line":22,"column":22},"end":{"line":22,"column":23}},"loc":{"start":{"line":22,"column":36},"end":{"line":38,"column":17}},"line":22},"2":{"name":"(anonymous_2)","decl":{"start":{"line":44,"column":12},"end":{"line":44,"column":13}},"loc":{"start":{"line":44,"column":32},"end":{"line":57,"column":5}},"line":44},"3":{"name":"(anonymous_3)","decl":{"start":{"line":59,"column":16},"end":{"line":59,"column":17}},"loc":{"start":{"line":59,"column":34},"end":{"line":62,"column":5}},"line":59},"4":{"name":"(anonymous_4)","decl":{"start":{"line":64,"column":19},"end":{"line":64,"column":20}},"loc":{"start":{"line":64,"column":37},"end":{"line":68,"column":5}},"line":64},"5":{"name":"(anonymous_5)","decl":{"start":{"line":70,"column":19},"end":{"line":70,"column":20}},"loc":{"start":{"line":70,"column":37},"end":{"line":73,"column":5}},"line":70},"6":{"name":"(anonymous_6)","decl":{"start":{"line":75,"column":12},"end":{"line":75,"column":13}},"loc":{"start":{"line":75,"column":30},"end":{"line":78,"column":5}},"line":75}},"branchMap":{"0":{"loc":{"start":{"line":7,"column":8},"end":{"line":9,"column":9}},"type":"if","locations":[{"start":{"line":7,"column":8},"end":{"line":9,"column":9}},{"start":{},"end":{}}],"line":7},"1":{"loc":{"start":{"line":10,"column":8},"end":{"line":12,"column":11}},"type":"if","locations":[{"start":{"line":10,"column":8},"end":{"line":12,"column":11}},{"start":{},"end":{}}],"line":10},"2":{"loc":{"start":{"line":10,"column":12},"end":{"line":10,"column":60}},"type":"binary-expr","locations":[{"start":{"line":10,"column":12},"end":{"line":10,"column":33}},{"start":{"line":10,"column":37},"end":{"line":10,"column":60}}],"line":10},"3":{"loc":{"start":{"line":13,"column":8},"end":{"line":15,"column":11}},"type":"if","locations":[{"start":{"line":13,"column":8},"end":{"line":15,"column":11}},{"start":{},"end":{}}],"line":13},"4":{"loc":{"start":{"line":13,"column":12},"end":{"line":13,"column":57}},"type":"binary-expr","locations":[{"start":{"line":13,"column":12},"end":{"line":13,"column":32}},{"start":{"line":13,"column":37},"end":{"line":13,"column":43}},{"start":{"line":13,"column":47},"end":{"line":13,"column":56}}],"line":13},"5":{"loc":{"start":{"line":16,"column":8},"end":{"line":18,"column":11}},"type":"if","locations":[{"start":{"line":16,"column":8},"end":{"line":18,"column":11}},{"start":{},"end":{}}],"line":16},"6":{"loc":{"start":{"line":16,"column":12},"end":{"line":16,"column":52}},"type":"binary-expr","locations":[{"start":{"line":16,"column":12},"end":{"line":16,"column":35}},{"start":{"line":16,"column":39},"end":{"line":16,"column":52}}],"line":16},"7":{"loc":{"start":{"line":19,"column":8},"end":{"line":41,"column":9}},"type":"if","locations":[{"start":{"line":19,"column":8},"end":{"line":41,"column":9}},{"start":{"line":39,"column":15},"end":{"line":41,"column":9}}],"line":19},"8":{"loc":{"start":{"line":48,"column":8},"end":{"line":56,"column":9}},"type":"if","locations":[{"start":{"line":48,"column":8},"end":{"line":56,"column":9}},{"start":{"line":50,"column":15},"end":{"line":56,"column":9}}],"line":48},"9":{"loc":{"start":{"line":48,"column":12},"end":{"line":48,"column":40}},"type":"binary-expr","locations":[{"start":{"line":48,"column":12},"end":{"line":48,"column":17}},{"start":{"line":48,"column":21},"end":{"line":48,"column":27}},{"start":{"line":48,"column":31},"end":{"line":48,"column":40}}],"line":48},"10":{"loc":{"start":{"line":52,"column":12},"end":{"line":54,"column":13}},"type":"if","locations":[{"start":{"line":52,"column":12},"end":{"line":54,"column":13}},{"start":{},"end":{}}],"line":52}},"s":{"0":1,"1":1,"2":1,"3":1,"4":1,"5":0,"6":1,"7":0,"8":1,"9":0,"10":1,"11":0,"12":1,"13":0,"14":0,"15":0,"16":0,"17":0,"18":1,"19":0,"20":0,"21":0,"22":0,"23":0,"24":0,"25":0,"26":0,"27":0,"28":0,"29":0,"30":0,"31":0,"32":0,"33":0,"34":0},"f":{"0":1,"1":0,"2":0,"3":0,"4":0,"5":0,"6":0},"b":{"0":[0,1],"1":[0,1],"2":[1,0],"3":[0,1],"4":[1,1,1],"5":[0,1],"6":[1,0],"7":[0,1],"8":[0,0],"9":[0,0,0],"10":[0,0]},"_coverageSchema":"1a1c01bbd47fc00a2c39e90264f33305004495a9","hash":"858ec2bf622019a94c23fe5bf7ce7a32cb79e2e7"}
,"/home/ubuntu/assignment0706/Campus-Summer-Back-End/students/steven/Canchu/models/eventModel.js": {"path":"/home/ubuntu/assignment0706/Campus-Summer-Back-End/students/steven/Canchu/models/eventModel.js","statementMap":{"0":{"start":{"line":1,"column":14},"end":{"line":1,"column":39}},"1":{"start":{"line":2,"column":13},"end":{"line":2,"column":37}},"2":{"start":{"line":4,"column":11},"end":{"line":9,"column":2}},"3":{"start":{"line":11,"column":0},"end":{"line":60,"column":1}},"4":{"start":{"line":13,"column":8},"end":{"line":36,"column":9}},"5":{"start":{"line":14,"column":24},"end":{"line":14,"column":132}},"6":{"start":{"line":15,"column":30},"end":{"line":15,"column":59}},"7":{"start":{"line":16,"column":30},"end":{"line":26,"column":14}},"8":{"start":{"line":17,"column":72},"end":{"line":17,"column":78}},"9":{"start":{"line":18,"column":16},"end":{"line":25,"column":18}},"10":{"start":{"line":28,"column":29},"end":{"line":32,"column":13}},"11":{"start":{"line":33,"column":12},"end":{"line":33,"column":50}},"12":{"start":{"line":35,"column":12},"end":{"line":35,"column":60}},"13":{"start":{"line":39,"column":8},"end":{"line":58,"column":9}},"14":{"start":{"line":40,"column":33},"end":{"line":40,"column":73}},"15":{"start":{"line":41,"column":30},"end":{"line":41,"column":68}},"16":{"start":{"line":42,"column":12},"end":{"line":55,"column":13}},"17":{"start":{"line":43,"column":16},"end":{"line":43,"column":98}},"18":{"start":{"line":45,"column":28},"end":{"line":45,"column":74}},"19":{"start":{"line":46,"column":16},"end":{"line":46,"column":46}},"20":{"start":{"line":47,"column":33},"end":{"line":53,"column":17}},"21":{"start":{"line":54,"column":16},"end":{"line":54,"column":54}},"22":{"start":{"line":57,"column":12},"end":{"line":57,"column":60}}},"fnMap":{"0":{"name":"(anonymous_0)","decl":{"start":{"line":12,"column":14},"end":{"line":12,"column":15}},"loc":{"start":{"line":12,"column":35},"end":{"line":37,"column":5}},"line":12},"1":{"name":"(anonymous_1)","decl":{"start":{"line":16,"column":42},"end":{"line":16,"column":43}},"loc":{"start":{"line":16,"column":54},"end":{"line":26,"column":13}},"line":16},"2":{"name":"(anonymous_2)","decl":{"start":{"line":38,"column":15},"end":{"line":38,"column":16}},"loc":{"start":{"line":38,"column":44},"end":{"line":59,"column":5}},"line":38}},"branchMap":{"0":{"loc":{"start":{"line":5,"column":7},"end":{"line":5,"column":41}},"type":"binary-expr","locations":[{"start":{"line":5,"column":7},"end":{"line":5,"column":26}},{"start":{"line":5,"column":30},"end":{"line":5,"column":41}}],"line":5},"1":{"loc":{"start":{"line":21,"column":29},"end":{"line":21,"column":56}},"type":"cond-expr","locations":[{"start":{"line":21,"column":44},"end":{"line":21,"column":49}},{"start":{"line":21,"column":52},"end":{"line":21,"column":56}}],"line":21},"2":{"loc":{"start":{"line":42,"column":12},"end":{"line":55,"column":13}},"type":"if","locations":[{"start":{"line":42,"column":12},"end":{"line":55,"column":13}},{"start":{"line":44,"column":19},"end":{"line":55,"column":13}}],"line":42}},"s":{"0":1,"1":1,"2":1,"3":1,"4":0,"5":0,"6":0,"7":0,"8":0,"9":0,"10":0,"11":0,"12":0,"13":0,"14":0,"15":0,"16":0,"17":0,"18":0,"19":0,"20":0,"21":0,"22":0},"f":{"0":0,"1":0,"2":0},"b":{"0":[1,0],"1":[0,0],"2":[0,0]},"_coverageSchema":"1a1c01bbd47fc00a2c39e90264f33305004495a9","hash":"11dfa6f863e4258f65edcd2b43dd595babf94dcc"}
,"/home/ubuntu/assignment0706/Campus-Summer-Back-End/students/steven/Canchu/models/friendModel.js": {"path":"/home/ubuntu/assignment0706/Campus-Summer-Back-End/students/steven/Canchu/models/friendModel.js","statementMap":{"0":{"start":{"line":1,"column":14},"end":{"line":1,"column":39}},"1":{"start":{"line":2,"column":13},"end":{"line":2,"column":37}},"2":{"start":{"line":3,"column":14},"end":{"line":3,"column":39}},"3":{"start":{"line":5,"column":11},"end":{"line":10,"column":2}},"4":{"start":{"line":12,"column":0},"end":{"line":203,"column":1}},"5":{"start":{"line":14,"column":8},"end":{"line":14,"column":140}},"6":{"start":{"line":14,"column":53},"end":{"line":14,"column":138}},"7":{"start":{"line":15,"column":8},"end":{"line":52,"column":9}},"8":{"start":{"line":16,"column":30},"end":{"line":16,"column":64}},"9":{"start":{"line":17,"column":30},"end":{"line":17,"column":68}},"10":{"start":{"line":18,"column":12},"end":{"line":20,"column":13}},"11":{"start":{"line":19,"column":16},"end":{"line":19,"column":72}},"12":{"start":{"line":21,"column":30},"end":{"line":21,"column":97}},"13":{"start":{"line":22,"column":35},"end":{"line":22,"column":78}},"14":{"start":{"line":23,"column":12},"end":{"line":27,"column":13}},"15":{"start":{"line":24,"column":16},"end":{"line":26,"column":89}},"16":{"start":{"line":28,"column":12},"end":{"line":49,"column":13}},"17":{"start":{"line":29,"column":35},"end":{"line":29,"column":103}},"18":{"start":{"line":30,"column":41},"end":{"line":30,"column":96}},"19":{"start":{"line":31,"column":33},"end":{"line":31,"column":56}},"20":{"start":{"line":32,"column":34},"end":{"line":32,"column":104}},"21":{"start":{"line":33,"column":34},"end":{"line":33,"column":89}},"22":{"start":{"line":34,"column":16},"end":{"line":34,"column":129}},"23":{"start":{"line":35,"column":16},"end":{"line":41,"column":18}},"24":{"start":{"line":43,"column":16},"end":{"line":48,"column":17}},"25":{"start":{"line":44,"column":20},"end":{"line":44,"column":73}},"26":{"start":{"line":45,"column":20},"end":{"line":45,"column":110}},"27":{"start":{"line":47,"column":20},"end":{"line":47,"column":64}},"28":{"start":{"line":51,"column":12},"end":{"line":51,"column":63}},"29":{"start":{"line":56,"column":8},"end":{"line":90,"column":9}},"30":{"start":{"line":57,"column":33},"end":{"line":57,"column":97}},"31":{"start":{"line":58,"column":30},"end":{"line":58,"column":64}},"32":{"start":{"line":59,"column":12},"end":{"line":87,"column":13}},"33":{"start":{"line":60,"column":16},"end":{"line":60,"column":78}},"34":{"start":{"line":61,"column":19},"end":{"line":87,"column":13}},"35":{"start":{"line":62,"column":16},"end":{"line":62,"column":72}},"36":{"start":{"line":64,"column":16},"end":{"line":86,"column":17}},"37":{"start":{"line":65,"column":20},"end":{"line":68,"column":21}},"38":{"start":{"line":66,"column":46},"end":{"line":66,"column":119}},"39":{"start":{"line":67,"column":24},"end":{"line":67,"column":96}},"40":{"start":{"line":69,"column":32},"end":{"line":69,"column":69}},"41":{"start":{"line":70,"column":20},"end":{"line":70,"column":45}},"42":{"start":{"line":73,"column":20},"end":{"line":73,"column":80}},"43":{"start":{"line":74,"column":20},"end":{"line":74,"column":78}},"44":{"start":{"line":77,"column":20},"end":{"line":83,"column":23}},"45":{"start":{"line":85,"column":20},"end":{"line":85,"column":72}},"46":{"start":{"line":89,"column":12},"end":{"line":89,"column":64}},"47":{"start":{"line":94,"column":8},"end":{"line":128,"column":9}},"48":{"start":{"line":95,"column":33},"end":{"line":95,"column":149}},"49":{"start":{"line":96,"column":30},"end":{"line":96,"column":64}},"50":{"start":{"line":97,"column":12},"end":{"line":125,"column":13}},"51":{"start":{"line":98,"column":16},"end":{"line":98,"column":78}},"52":{"start":{"line":99,"column":19},"end":{"line":125,"column":13}},"53":{"start":{"line":100,"column":16},"end":{"line":100,"column":108}},"54":{"start":{"line":102,"column":34},"end":{"line":102,"column":54}},"55":{"start":{"line":103,"column":34},"end":{"line":103,"column":81}},"56":{"start":{"line":104,"column":16},"end":{"line":104,"column":56}},"57":{"start":{"line":106,"column":34},"end":{"line":106,"column":104}},"58":{"start":{"line":107,"column":34},"end":{"line":107,"column":89}},"59":{"start":{"line":108,"column":16},"end":{"line":108,"column":136}},"60":{"start":{"line":110,"column":36},"end":{"line":110,"column":109}},"61":{"start":{"line":111,"column":16},"end":{"line":111,"column":64}},"62":{"start":{"line":114,"column":16},"end":{"line":114,"column":63}},"63":{"start":{"line":115,"column":16},"end":{"line":115,"column":65}},"64":{"start":{"line":118,"column":16},"end":{"line":124,"column":19}},"65":{"start":{"line":127,"column":12},"end":{"line":127,"column":61}},"66":{"start":{"line":131,"column":8},"end":{"line":168,"column":9}},"67":{"start":{"line":132,"column":24},"end":{"line":147,"column":13}},"68":{"start":{"line":148,"column":30},"end":{"line":148,"column":68}},"69":{"start":{"line":149,"column":31},"end":{"line":160,"column":14}},"70":{"start":{"line":150,"column":63},"end":{"line":150,"column":69}},"71":{"start":{"line":151,"column":16},"end":{"line":159,"column":18}},"72":{"start":{"line":161,"column":12},"end":{"line":165,"column":15}},"73":{"start":{"line":167,"column":12},"end":{"line":167,"column":62}},"74":{"start":{"line":171,"column":8},"end":{"line":201,"column":9}},"75":{"start":{"line":172,"column":24},"end":{"line":180,"column":13}},"76":{"start":{"line":181,"column":30},"end":{"line":181,"column":68}},"77":{"start":{"line":182,"column":32},"end":{"line":193,"column":14}},"78":{"start":{"line":183,"column":63},"end":{"line":183,"column":69}},"79":{"start":{"line":184,"column":16},"end":{"line":192,"column":18}},"80":{"start":{"line":194,"column":12},"end":{"line":198,"column":15}},"81":{"start":{"line":200,"column":12},"end":{"line":200,"column":62}}},"fnMap":{"0":{"name":"(anonymous_0)","decl":{"start":{"line":13,"column":17},"end":{"line":13,"column":18}},"loc":{"start":{"line":13,"column":47},"end":{"line":53,"column":5}},"line":13},"1":{"name":"(anonymous_1)","decl":{"start":{"line":54,"column":18},"end":{"line":54,"column":19}},"loc":{"start":{"line":54,"column":43},"end":{"line":91,"column":5}},"line":54},"2":{"name":"(anonymous_2)","decl":{"start":{"line":92,"column":15},"end":{"line":92,"column":16}},"loc":{"start":{"line":92,"column":40},"end":{"line":129,"column":5}},"line":92},"3":{"name":"(anonymous_3)","decl":{"start":{"line":130,"column":16},"end":{"line":130,"column":17}},"loc":{"start":{"line":130,"column":39},"end":{"line":169,"column":5}},"line":130},"4":{"name":"(anonymous_4)","decl":{"start":{"line":149,"column":43},"end":{"line":149,"column":44}},"loc":{"start":{"line":149,"column":55},"end":{"line":160,"column":13}},"line":149},"5":{"name":"(anonymous_5)","decl":{"start":{"line":170,"column":16},"end":{"line":170,"column":17}},"loc":{"start":{"line":170,"column":39},"end":{"line":202,"column":5}},"line":170},"6":{"name":"(anonymous_6)","decl":{"start":{"line":182,"column":44},"end":{"line":182,"column":45}},"loc":{"start":{"line":182,"column":56},"end":{"line":193,"column":13}},"line":182}},"branchMap":{"0":{"loc":{"start":{"line":6,"column":7},"end":{"line":6,"column":41}},"type":"binary-expr","locations":[{"start":{"line":6,"column":7},"end":{"line":6,"column":26}},{"start":{"line":6,"column":30},"end":{"line":6,"column":41}}],"line":6},"1":{"loc":{"start":{"line":14,"column":8},"end":{"line":14,"column":140}},"type":"if","locations":[{"start":{"line":14,"column":8},"end":{"line":14,"column":140}},{"start":{},"end":{}}],"line":14},"2":{"loc":{"start":{"line":18,"column":12},"end":{"line":20,"column":13}},"type":"if","locations":[{"start":{"line":18,"column":12},"end":{"line":20,"column":13}},{"start":{},"end":{}}],"line":18},"3":{"loc":{"start":{"line":23,"column":12},"end":{"line":27,"column":13}},"type":"if","locations":[{"start":{"line":23,"column":12},"end":{"line":27,"column":13}},{"start":{},"end":{}}],"line":23},"4":{"loc":{"start":{"line":24,"column":23},"end":{"line":26,"column":89}},"type":"cond-expr","locations":[{"start":{"line":25,"column":16},"end":{"line":25,"column":98}},{"start":{"line":26,"column":16},"end":{"line":26,"column":89}}],"line":24},"5":{"loc":{"start":{"line":43,"column":16},"end":{"line":48,"column":17}},"type":"if","locations":[{"start":{"line":43,"column":16},"end":{"line":48,"column":17}},{"start":{"line":46,"column":23},"end":{"line":48,"column":17}}],"line":43},"6":{"loc":{"start":{"line":59,"column":12},"end":{"line":87,"column":13}},"type":"if","locations":[{"start":{"line":59,"column":12},"end":{"line":87,"column":13}},{"start":{"line":61,"column":19},"end":{"line":87,"column":13}}],"line":59},"7":{"loc":{"start":{"line":61,"column":19},"end":{"line":87,"column":13}},"type":"if","locations":[{"start":{"line":61,"column":19},"end":{"line":87,"column":13}},{"start":{"line":63,"column":19},"end":{"line":87,"column":13}}],"line":61},"8":{"loc":{"start":{"line":61,"column":23},"end":{"line":61,"column":89}},"type":"binary-expr","locations":[{"start":{"line":61,"column":23},"end":{"line":61,"column":53}},{"start":{"line":61,"column":57},"end":{"line":61,"column":89}}],"line":61},"9":{"loc":{"start":{"line":65,"column":20},"end":{"line":68,"column":21}},"type":"if","locations":[{"start":{"line":65,"column":20},"end":{"line":68,"column":21}},{"start":{},"end":{}}],"line":65},"10":{"loc":{"start":{"line":97,"column":12},"end":{"line":125,"column":13}},"type":"if","locations":[{"start":{"line":97,"column":12},"end":{"line":125,"column":13}},{"start":{"line":99,"column":19},"end":{"line":125,"column":13}}],"line":97},"11":{"loc":{"start":{"line":99,"column":19},"end":{"line":125,"column":13}},"type":"if","locations":[{"start":{"line":99,"column":19},"end":{"line":125,"column":13}},{"start":{"line":101,"column":19},"end":{"line":125,"column":13}}],"line":99}},"s":{"0":1,"1":1,"2":1,"3":1,"4":1,"5":0,"6":0,"7":0,"8":0,"9":0,"10":0,"11":0,"12":0,"13":0,"14":0,"15":0,"16":0,"17":0,"18":0,"19":0,"20":0,"21":0,"22":0,"23":0,"24":0,"25":0,"26":0,"27":0,"28":0,"29":0,"30":0,"31":0,"32":0,"33":0,"34":0,"35":0,"36":0,"37":0,"38":0,"39":0,"40":0,"41":0,"42":0,"43":0,"44":0,"45":0,"46":0,"47":0,"48":0,"49":0,"50":0,"51":0,"52":0,"53":0,"54":0,"55":0,"56":0,"57":0,"58":0,"59":0,"60":0,"61":0,"62":0,"63":0,"64":0,"65":0,"66":0,"67":0,"68":0,"69":0,"70":0,"71":0,"72":0,"73":0,"74":0,"75":0,"76":0,"77":0,"78":0,"79":0,"80":0,"81":0},"f":{"0":0,"1":0,"2":0,"3":0,"4":0,"5":0,"6":0},"b":{"0":[1,0],"1":[0,0],"2":[0,0],"3":[0,0],"4":[0,0],"5":[0,0],"6":[0,0],"7":[0,0],"8":[0,0],"9":[0,0],"10":[0,0],"11":[0,0]},"_coverageSchema":"1a1c01bbd47fc00a2c39e90264f33305004495a9","hash":"c8694c44ebcae99360e6adf8251203140b0ea1e4"}
,"/home/ubuntu/assignment0706/Campus-Summer-Back-End/students/steven/Canchu/models/postModel.js": {"path":"/home/ubuntu/assignment0706/Campus-Summer-Back-End/students/steven/Canchu/models/postModel.js","statementMap":{"0":{"start":{"line":1,"column":14},"end":{"line":1,"column":39}},"1":{"start":{"line":2,"column":13},"end":{"line":2,"column":37}},"2":{"start":{"line":3,"column":14},"end":{"line":3,"column":39}},"3":{"start":{"line":5,"column":11},"end":{"line":10,"column":2}},"4":{"start":{"line":12,"column":0},"end":{"line":302,"column":1}},"5":{"start":{"line":14,"column":8},"end":{"line":14,"column":46}},"6":{"start":{"line":15,"column":8},"end":{"line":42,"column":9}},"7":{"start":{"line":18,"column":28},"end":{"line":18,"column":74}},"8":{"start":{"line":19,"column":30},"end":{"line":19,"column":59}},"9":{"start":{"line":20,"column":25},"end":{"line":20,"column":40}},"10":{"start":{"line":21,"column":28},"end":{"line":21,"column":46}},"11":{"start":{"line":24,"column":29},"end":{"line":24,"column":84}},"12":{"start":{"line":25,"column":23},"end":{"line":25,"column":110}},"13":{"start":{"line":26,"column":34},"end":{"line":26,"column":93}},"14":{"start":{"line":27,"column":29},"end":{"line":27,"column":49}},"15":{"start":{"line":30,"column":29},"end":{"line":36,"column":13}},"16":{"start":{"line":38,"column":12},"end":{"line":38,"column":50}},"17":{"start":{"line":41,"column":12},"end":{"line":41,"column":62}},"18":{"start":{"line":45,"column":8},"end":{"line":45,"column":44}},"19":{"start":{"line":46,"column":8},"end":{"line":64,"column":9}},"20":{"start":{"line":48,"column":24},"end":{"line":48,"column":78}},"21":{"start":{"line":49,"column":12},"end":{"line":49,"column":47}},"22":{"start":{"line":51,"column":28},"end":{"line":51,"column":86}},"23":{"start":{"line":52,"column":12},"end":{"line":52,"column":47}},"24":{"start":{"line":54,"column":29},"end":{"line":60,"column":13}},"25":{"start":{"line":61,"column":12},"end":{"line":61,"column":50}},"26":{"start":{"line":63,"column":12},"end":{"line":63,"column":62}},"27":{"start":{"line":67,"column":8},"end":{"line":90,"column":9}},"28":{"start":{"line":69,"column":24},"end":{"line":69,"column":103}},"29":{"start":{"line":70,"column":32},"end":{"line":70,"column":87}},"30":{"start":{"line":71,"column":30},"end":{"line":71,"column":86}},"31":{"start":{"line":73,"column":31},"end":{"line":73,"column":47}},"32":{"start":{"line":74,"column":28},"end":{"line":74,"column":92}},"33":{"start":{"line":75,"column":12},"end":{"line":75,"column":47}},"34":{"start":{"line":77,"column":29},"end":{"line":86,"column":13}},"35":{"start":{"line":87,"column":12},"end":{"line":87,"column":50}},"36":{"start":{"line":89,"column":12},"end":{"line":89,"column":65}},"37":{"start":{"line":93,"column":8},"end":{"line":111,"column":9}},"38":{"start":{"line":95,"column":24},"end":{"line":95,"column":80}},"39":{"start":{"line":96,"column":12},"end":{"line":96,"column":47}},"40":{"start":{"line":98,"column":28},"end":{"line":98,"column":86}},"41":{"start":{"line":99,"column":12},"end":{"line":99,"column":47}},"42":{"start":{"line":101,"column":29},"end":{"line":107,"column":13}},"43":{"start":{"line":108,"column":12},"end":{"line":108,"column":50}},"44":{"start":{"line":110,"column":12},"end":{"line":110,"column":62}},"45":{"start":{"line":114,"column":8},"end":{"line":139,"column":9}},"46":{"start":{"line":116,"column":32},"end":{"line":116,"column":71}},"47":{"start":{"line":117,"column":30},"end":{"line":117,"column":68}},"48":{"start":{"line":118,"column":28},"end":{"line":118,"column":46}},"49":{"start":{"line":120,"column":12},"end":{"line":136,"column":13}},"50":{"start":{"line":121,"column":16},"end":{"line":121,"column":101}},"51":{"start":{"line":125,"column":28},"end":{"line":125,"column":70}},"52":{"start":{"line":126,"column":16},"end":{"line":126,"column":55}},"53":{"start":{"line":128,"column":33},"end":{"line":134,"column":17}},"54":{"start":{"line":135,"column":16},"end":{"line":135,"column":54}},"55":{"start":{"line":138,"column":12},"end":{"line":138,"column":62}},"56":{"start":{"line":142,"column":8},"end":{"line":142,"column":59}},"57":{"start":{"line":143,"column":8},"end":{"line":188,"column":9}},"58":{"start":{"line":145,"column":24},"end":{"line":145,"column":126}},"59":{"start":{"line":146,"column":30},"end":{"line":146,"column":60}},"60":{"start":{"line":147,"column":95},"end":{"line":147,"column":105}},"61":{"start":{"line":149,"column":29},"end":{"line":149,"column":106}},"62":{"start":{"line":150,"column":28},"end":{"line":150,"column":69}},"63":{"start":{"line":152,"column":31},"end":{"line":152,"column":286}},"64":{"start":{"line":153,"column":35},"end":{"line":153,"column":72}},"65":{"start":{"line":155,"column":32},"end":{"line":167,"column":14}},"66":{"start":{"line":156,"column":81},"end":{"line":156,"column":87}},"67":{"start":{"line":157,"column":16},"end":{"line":166,"column":18}},"68":{"start":{"line":169,"column":29},"end":{"line":184,"column":13}},"69":{"start":{"line":185,"column":12},"end":{"line":185,"column":50}},"70":{"start":{"line":187,"column":12},"end":{"line":187,"column":61}},"71":{"start":{"line":191,"column":8},"end":{"line":300,"column":9}},"72":{"start":{"line":192,"column":34},"end":{"line":192,"column":116}},"73":{"start":{"line":194,"column":24},"end":{"line":264,"column":13}},"74":{"start":{"line":265,"column":28},"end":{"line":265,"column":162}},"75":{"start":{"line":266,"column":33},"end":{"line":266,"column":111}},"76":{"start":{"line":267,"column":29},"end":{"line":290,"column":14}},"77":{"start":{"line":268,"column":113},"end":{"line":268,"column":119}},"78":{"start":{"line":270,"column":45},"end":{"line":278,"column":18}},"79":{"start":{"line":279,"column":16},"end":{"line":289,"column":18}},"80":{"start":{"line":291,"column":29},"end":{"line":296,"column":13}},"81":{"start":{"line":297,"column":12},"end":{"line":297,"column":50}},"82":{"start":{"line":299,"column":12},"end":{"line":299,"column":61}}},"fnMap":{"0":{"name":"(anonymous_0)","decl":{"start":{"line":13,"column":16},"end":{"line":13,"column":17}},"loc":{"start":{"line":13,"column":44},"end":{"line":43,"column":5}},"line":13},"1":{"name":"(anonymous_1)","decl":{"start":{"line":44,"column":16},"end":{"line":44,"column":17}},"loc":{"start":{"line":44,"column":41},"end":{"line":65,"column":5}},"line":44},"2":{"name":"(anonymous_2)","decl":{"start":{"line":66,"column":19},"end":{"line":66,"column":20}},"loc":{"start":{"line":66,"column":52},"end":{"line":91,"column":5}},"line":66},"3":{"name":"(anonymous_3)","decl":{"start":{"line":92,"column":16},"end":{"line":92,"column":17}},"loc":{"start":{"line":92,"column":41},"end":{"line":112,"column":5}},"line":92},"4":{"name":"(anonymous_4)","decl":{"start":{"line":113,"column":16},"end":{"line":113,"column":17}},"loc":{"start":{"line":113,"column":49},"end":{"line":140,"column":5}},"line":113},"5":{"name":"(anonymous_5)","decl":{"start":{"line":141,"column":15},"end":{"line":141,"column":16}},"loc":{"start":{"line":141,"column":43},"end":{"line":189,"column":5}},"line":141},"6":{"name":"(anonymous_6)","decl":{"start":{"line":155,"column":49},"end":{"line":155,"column":50}},"loc":{"start":{"line":155,"column":61},"end":{"line":167,"column":13}},"line":155},"7":{"name":"(anonymous_7)","decl":{"start":{"line":190,"column":15},"end":{"line":190,"column":16}},"loc":{"start":{"line":190,"column":55},"end":{"line":301,"column":5}},"line":190},"8":{"name":"(anonymous_8)","decl":{"start":{"line":267,"column":46},"end":{"line":267,"column":47}},"loc":{"start":{"line":267,"column":58},"end":{"line":290,"column":13}},"line":267}},"branchMap":{"0":{"loc":{"start":{"line":6,"column":7},"end":{"line":6,"column":41}},"type":"binary-expr","locations":[{"start":{"line":6,"column":7},"end":{"line":6,"column":26}},{"start":{"line":6,"column":30},"end":{"line":6,"column":41}}],"line":6},"1":{"loc":{"start":{"line":120,"column":12},"end":{"line":136,"column":13}},"type":"if","locations":[{"start":{"line":120,"column":12},"end":{"line":136,"column":13}},{"start":{"line":122,"column":19},"end":{"line":136,"column":13}}],"line":120},"2":{"loc":{"start":{"line":176,"column":34},"end":{"line":176,"column":82}},"type":"cond-expr","locations":[{"start":{"line":176,"column":70},"end":{"line":176,"column":74}},{"start":{"line":176,"column":77},"end":{"line":176,"column":82}}],"line":176},"3":{"loc":{"start":{"line":192,"column":34},"end":{"line":192,"column":116}},"type":"cond-expr","locations":[{"start":{"line":192,"column":57},"end":{"line":192,"column":58}},{"start":{"line":192,"column":61},"end":{"line":192,"column":116}}],"line":192},"4":{"loc":{"start":{"line":194,"column":24},"end":{"line":264,"column":13}},"type":"cond-expr","locations":[{"start":{"line":195,"column":12},"end":{"line":248,"column":13}},{"start":{"line":250,"column":12},"end":{"line":264,"column":13}}],"line":194},"5":{"loc":{"start":{"line":265,"column":28},"end":{"line":265,"column":162}},"type":"cond-expr","locations":[{"start":{"line":265,"column":54},"end":{"line":265,"column":120}},{"start":{"line":265,"column":123},"end":{"line":265,"column":162}}],"line":265},"6":{"loc":{"start":{"line":266,"column":33},"end":{"line":266,"column":111}},"type":"cond-expr","locations":[{"start":{"line":266,"column":60},"end":{"line":266,"column":62}},{"start":{"line":266,"column":65},"end":{"line":266,"column":111}}],"line":266},"7":{"loc":{"start":{"line":284,"column":30},"end":{"line":284,"column":59}},"type":"cond-expr","locations":[{"start":{"line":284,"column":47},"end":{"line":284,"column":51}},{"start":{"line":284,"column":54},"end":{"line":284,"column":59}}],"line":284},"8":{"loc":{"start":{"line":294,"column":33},"end":{"line":294,"column":160}},"type":"cond-expr","locations":[{"start":{"line":294,"column":83},"end":{"line":294,"column":153}},{"start":{"line":294,"column":156},"end":{"line":294,"column":160}}],"line":294}},"s":{"0":1,"1":1,"2":1,"3":1,"4":1,"5":0,"6":0,"7":0,"8":0,"9":0,"10":0,"11":0,"12":0,"13":0,"14":0,"15":0,"16":0,"17":0,"18":0,"19":0,"20":0,"21":0,"22":0,"23":0,"24":0,"25":0,"26":0,"27":0,"28":0,"29":0,"30":0,"31":0,"32":0,"33":0,"34":0,"35":0,"36":0,"37":0,"38":0,"39":0,"40":0,"41":0,"42":0,"43":0,"44":0,"45":0,"46":0,"47":0,"48":0,"49":0,"50":0,"51":0,"52":0,"53":0,"54":0,"55":0,"56":0,"57":0,"58":0,"59":0,"60":0,"61":0,"62":0,"63":0,"64":0,"65":0,"66":0,"67":0,"68":0,"69":0,"70":0,"71":0,"72":0,"73":0,"74":0,"75":0,"76":0,"77":0,"78":0,"79":0,"80":0,"81":0,"82":0},"f":{"0":0,"1":0,"2":0,"3":0,"4":0,"5":0,"6":0,"7":0,"8":0},"b":{"0":[1,0],"1":[0,0],"2":[0,0],"3":[0,0],"4":[0,0],"5":[0,0],"6":[0,0],"7":[0,0],"8":[0,0]},"_coverageSchema":"1a1c01bbd47fc00a2c39e90264f33305004495a9","hash":"2b1659d46b84ae7e14d03c0a6570620d72cc53d1"}
,"/home/ubuntu/assignment0706/Campus-Summer-Back-End/students/steven/Canchu/models/userModel.js": {"path":"/home/ubuntu/assignment0706/Campus-Summer-Back-End/students/steven/Canchu/models/userModel.js","statementMap":{"0":{"start":{"line":1,"column":14},"end":{"line":1,"column":39}},"1":{"start":{"line":2,"column":15},"end":{"line":2,"column":32}},"2":{"start":{"line":3,"column":13},"end":{"line":3,"column":37}},"3":{"start":{"line":4,"column":14},"end":{"line":4,"column":39}},"4":{"start":{"line":6,"column":11},"end":{"line":11,"column":2}},"5":{"start":{"line":13,"column":0},"end":{"line":261,"column":1}},"6":{"start":{"line":16,"column":8},"end":{"line":39,"column":9}},"7":{"start":{"line":17,"column":24},"end":{"line":17,"column":221}},"8":{"start":{"line":18,"column":30},"end":{"line":18,"column":49}},"9":{"start":{"line":19,"column":31},"end":{"line":31,"column":14}},"10":{"start":{"line":20,"column":63},"end":{"line":20,"column":69}},"11":{"start":{"line":21,"column":16},"end":{"line":21,"column":61}},"12":{"start":{"line":22,"column":16},"end":{"line":30,"column":18}},"13":{"start":{"line":32,"column":12},"end":{"line":36,"column":14}},"14":{"start":{"line":38,"column":12},"end":{"line":38,"column":58}},"15":{"start":{"line":42,"column":8},"end":{"line":42,"column":76}},"16":{"start":{"line":43,"column":20},"end":{"line":43,"column":57}},"17":{"start":{"line":44,"column":31},"end":{"line":44,"column":59}},"18":{"start":{"line":45,"column":8},"end":{"line":79,"column":9}},"19":{"start":{"line":46,"column":12},"end":{"line":46,"column":70}},"20":{"start":{"line":48,"column":29},"end":{"line":48,"column":44}},"21":{"start":{"line":49,"column":12},"end":{"line":78,"column":14}},"22":{"start":{"line":50,"column":16},"end":{"line":77,"column":17}},"23":{"start":{"line":51,"column":20},"end":{"line":51,"column":81}},"24":{"start":{"line":54,"column":33},"end":{"line":63,"column":21}},"25":{"start":{"line":64,"column":20},"end":{"line":64,"column":51}},"26":{"start":{"line":65,"column":20},"end":{"line":76,"column":22}},"27":{"start":{"line":83,"column":8},"end":{"line":122,"column":9}},"28":{"start":{"line":84,"column":29},"end":{"line":84,"column":82}},"29":{"start":{"line":85,"column":35},"end":{"line":85,"column":68}},"30":{"start":{"line":86,"column":30},"end":{"line":86,"column":51}},"31":{"start":{"line":87,"column":12},"end":{"line":119,"column":13}},"32":{"start":{"line":89,"column":16},"end":{"line":89,"column":64}},"33":{"start":{"line":90,"column":16},"end":{"line":90,"column":79}},"34":{"start":{"line":92,"column":32},"end":{"line":92,"column":61}},"35":{"start":{"line":93,"column":34},"end":{"line":93,"column":143}},"36":{"start":{"line":94,"column":40},"end":{"line":94,"column":98}},"37":{"start":{"line":95,"column":33},"end":{"line":95,"column":55}},"38":{"start":{"line":96,"column":29},"end":{"line":105,"column":17}},"39":{"start":{"line":106,"column":16},"end":{"line":106,"column":62}},"40":{"start":{"line":107,"column":16},"end":{"line":118,"column":19}},"41":{"start":{"line":121,"column":12},"end":{"line":121,"column":58}},"42":{"start":{"line":127,"column":8},"end":{"line":196,"column":9}},"43":{"start":{"line":130,"column":31},"end":{"line":130,"column":80}},"44":{"start":{"line":131,"column":12},"end":{"line":131,"column":51}},"45":{"start":{"line":135,"column":12},"end":{"line":147,"column":13}},"46":{"start":{"line":148,"column":35},"end":{"line":148,"column":83}},"47":{"start":{"line":149,"column":35},"end":{"line":152,"column":15}},"48":{"start":{"line":149,"column":102},"end":{"line":152,"column":13}},"49":{"start":{"line":154,"column":30},"end":{"line":154,"column":34}},"50":{"start":{"line":155,"column":12},"end":{"line":168,"column":13}},"51":{"start":{"line":157,"column":28},"end":{"line":157,"column":112}},"52":{"start":{"line":158,"column":34},"end":{"line":158,"column":63}},"53":{"start":{"line":159,"column":16},"end":{"line":161,"column":17}},"54":{"start":{"line":160,"column":20},"end":{"line":160,"column":77}},"55":{"start":{"line":162,"column":16},"end":{"line":162,"column":41}},"56":{"start":{"line":163,"column":16},"end":{"line":163,"column":83}},"57":{"start":{"line":166,"column":16},"end":{"line":166,"column":91}},"58":{"start":{"line":170,"column":29},"end":{"line":192,"column":13}},"59":{"start":{"line":193,"column":12},"end":{"line":193,"column":50}},"60":{"start":{"line":195,"column":12},"end":{"line":195,"column":62}},"61":{"start":{"line":200,"column":8},"end":{"line":224,"column":9}},"62":{"start":{"line":201,"column":33},"end":{"line":201,"column":83}},"63":{"start":{"line":202,"column":35},"end":{"line":202,"column":69}},"64":{"start":{"line":203,"column":12},"end":{"line":221,"column":13}},"65":{"start":{"line":204,"column":16},"end":{"line":204,"column":73}},"66":{"start":{"line":206,"column":28},"end":{"line":206,"column":98}},"67":{"start":{"line":207,"column":16},"end":{"line":207,"column":67}},"68":{"start":{"line":210,"column":16},"end":{"line":210,"column":58}},"69":{"start":{"line":213,"column":33},"end":{"line":219,"column":17}},"70":{"start":{"line":220,"column":16},"end":{"line":220,"column":54}},"71":{"start":{"line":223,"column":12},"end":{"line":223,"column":65}},"72":{"start":{"line":228,"column":8},"end":{"line":259,"column":9}},"73":{"start":{"line":229,"column":33},"end":{"line":229,"column":83}},"74":{"start":{"line":230,"column":35},"end":{"line":230,"column":69}},"75":{"start":{"line":231,"column":30},"end":{"line":231,"column":51}},"76":{"start":{"line":232,"column":12},"end":{"line":256,"column":13}},"77":{"start":{"line":233,"column":16},"end":{"line":233,"column":73}},"78":{"start":{"line":236,"column":28},"end":{"line":236,"column":71}},"79":{"start":{"line":237,"column":16},"end":{"line":239,"column":22}},"80":{"start":{"line":241,"column":39},"end":{"line":241,"column":86}},"81":{"start":{"line":242,"column":16},"end":{"line":244,"column":22}},"82":{"start":{"line":247,"column":16},"end":{"line":247,"column":58}},"83":{"start":{"line":250,"column":33},"end":{"line":254,"column":17}},"84":{"start":{"line":255,"column":16},"end":{"line":255,"column":54}},"85":{"start":{"line":258,"column":12},"end":{"line":258,"column":65}}},"fnMap":{"0":{"name":"(anonymous_0)","decl":{"start":{"line":15,"column":12},"end":{"line":15,"column":13}},"loc":{"start":{"line":15,"column":34},"end":{"line":40,"column":5}},"line":15},"1":{"name":"(anonymous_1)","decl":{"start":{"line":19,"column":43},"end":{"line":19,"column":44}},"loc":{"start":{"line":19,"column":55},"end":{"line":31,"column":13}},"line":19},"2":{"name":"(anonymous_2)","decl":{"start":{"line":41,"column":12},"end":{"line":41,"column":13}},"loc":{"start":{"line":41,"column":50},"end":{"line":80,"column":5}},"line":41},"3":{"name":"(anonymous_3)","decl":{"start":{"line":49,"column":61},"end":{"line":49,"column":62}},"loc":{"start":{"line":49,"column":82},"end":{"line":78,"column":13}},"line":49},"4":{"name":"(anonymous_4)","decl":{"start":{"line":82,"column":12},"end":{"line":82,"column":13}},"loc":{"start":{"line":82,"column":47},"end":{"line":123,"column":5}},"line":82},"5":{"name":"(anonymous_5)","decl":{"start":{"line":125,"column":16},"end":{"line":125,"column":17}},"loc":{"start":{"line":125,"column":40},"end":{"line":197,"column":5}},"line":125},"6":{"name":"(anonymous_6)","decl":{"start":{"line":149,"column":87},"end":{"line":149,"column":88}},"loc":{"start":{"line":149,"column":102},"end":{"line":152,"column":13}},"line":149},"7":{"name":"(anonymous_7)","decl":{"start":{"line":199,"column":19},"end":{"line":199,"column":20}},"loc":{"start":{"line":199,"column":60},"end":{"line":225,"column":5}},"line":199},"8":{"name":"(anonymous_8)","decl":{"start":{"line":227,"column":19},"end":{"line":227,"column":20}},"loc":{"start":{"line":227,"column":47},"end":{"line":260,"column":5}},"line":227}},"branchMap":{"0":{"loc":{"start":{"line":7,"column":7},"end":{"line":7,"column":41}},"type":"binary-expr","locations":[{"start":{"line":7,"column":7},"end":{"line":7,"column":26}},{"start":{"line":7,"column":30},"end":{"line":7,"column":41}}],"line":7},"1":{"loc":{"start":{"line":26,"column":32},"end":{"line":29,"column":21}},"type":"cond-expr","locations":[{"start":{"line":26,"column":53},"end":{"line":26,"column":57}},{"start":{"line":26,"column":60},"end":{"line":29,"column":21}}],"line":26},"2":{"loc":{"start":{"line":45,"column":8},"end":{"line":79,"column":9}},"type":"if","locations":[{"start":{"line":45,"column":8},"end":{"line":79,"column":9}},{"start":{"line":47,"column":15},"end":{"line":79,"column":9}}],"line":45},"3":{"loc":{"start":{"line":50,"column":16},"end":{"line":77,"column":17}},"type":"if","locations":[{"start":{"line":50,"column":16},"end":{"line":77,"column":17}},{"start":{"line":52,"column":23},"end":{"line":77,"column":17}}],"line":50},"4":{"loc":{"start":{"line":87,"column":12},"end":{"line":119,"column":13}},"type":"if","locations":[{"start":{"line":87,"column":12},"end":{"line":119,"column":13}},{"start":{"line":91,"column":19},"end":{"line":119,"column":13}}],"line":87},"5":{"loc":{"start":{"line":149,"column":35},"end":{"line":152,"column":15}},"type":"cond-expr","locations":[{"start":{"line":149,"column":63},"end":{"line":149,"column":67}},{"start":{"line":149,"column":70},"end":{"line":152,"column":15}}],"line":149},"6":{"loc":{"start":{"line":155,"column":12},"end":{"line":168,"column":13}},"type":"if","locations":[{"start":{"line":155,"column":12},"end":{"line":168,"column":13}},{"start":{},"end":{}}],"line":155},"7":{"loc":{"start":{"line":159,"column":16},"end":{"line":161,"column":17}},"type":"if","locations":[{"start":{"line":159,"column":16},"end":{"line":161,"column":17}},{"start":{},"end":{}}],"line":159},"8":{"loc":{"start":{"line":172,"column":26},"end":{"line":190,"column":21}},"type":"cond-expr","locations":[{"start":{"line":173,"column":20},"end":{"line":181,"column":21}},{"start":{"line":182,"column":20},"end":{"line":190,"column":21}}],"line":172},"9":{"loc":{"start":{"line":180,"column":36},"end":{"line":180,"column":96}},"type":"cond-expr","locations":[{"start":{"line":180,"column":62},"end":{"line":180,"column":76}},{"start":{"line":180,"column":79},"end":{"line":180,"column":96}}],"line":180},"10":{"loc":{"start":{"line":189,"column":36},"end":{"line":189,"column":96}},"type":"cond-expr","locations":[{"start":{"line":189,"column":62},"end":{"line":189,"column":76}},{"start":{"line":189,"column":79},"end":{"line":189,"column":96}}],"line":189},"11":{"loc":{"start":{"line":203,"column":12},"end":{"line":221,"column":13}},"type":"if","locations":[{"start":{"line":203,"column":12},"end":{"line":221,"column":13}},{"start":{"line":205,"column":19},"end":{"line":221,"column":13}}],"line":203},"12":{"loc":{"start":{"line":232,"column":12},"end":{"line":256,"column":13}},"type":"if","locations":[{"start":{"line":232,"column":12},"end":{"line":256,"column":13}},{"start":{"line":234,"column":19},"end":{"line":256,"column":13}}],"line":232}},"s":{"0":1,"1":1,"2":1,"3":1,"4":1,"5":1,"6":0,"7":0,"8":0,"9":0,"10":0,"11":0,"12":0,"13":0,"14":0,"15":1,"16":1,"17":1,"18":1,"19":0,"20":1,"21":1,"22":1,"23":0,"24":1,"25":1,"26":1,"27":0,"28":0,"29":0,"30":0,"31":0,"32":0,"33":0,"34":0,"35":0,"36":0,"37":0,"38":0,"39":0,"40":0,"41":0,"42":0,"43":0,"44":0,"45":0,"46":0,"47":0,"48":0,"49":0,"50":0,"51":0,"52":0,"53":0,"54":0,"55":0,"56":0,"57":0,"58":0,"59":0,"60":0,"61":0,"62":0,"63":0,"64":0,"65":0,"66":0,"67":0,"68":0,"69":0,"70":0,"71":0,"72":0,"73":0,"74":0,"75":0,"76":0,"77":0,"78":0,"79":0,"80":0,"81":0,"82":0,"83":0,"84":0,"85":0},"f":{"0":0,"1":0,"2":1,"3":1,"4":0,"5":0,"6":0,"7":0,"8":0},"b":{"0":[1,0],"1":[0,0],"2":[0,1],"3":[0,1],"4":[0,0],"5":[0,0],"6":[0,0],"7":[0,0],"8":[0,0],"9":[0,0],"10":[0,0],"11":[0,0],"12":[0,0]},"_coverageSchema":"1a1c01bbd47fc00a2c39e90264f33305004495a9","hash":"1ca7d3fcc36159a54b2a56b5eb1db747a4299f49"}
,"/home/ubuntu/assignment0706/Campus-Summer-Back-End/students/steven/Canchu/routes/eventRoutes.js": {"path":"/home/ubuntu/assignment0706/Campus-Summer-Back-End/students/steven/Canchu/routes/eventRoutes.js","statementMap":{"0":{"start":{"line":1,"column":16},"end":{"line":1,"column":34}},"1":{"start":{"line":2,"column":15},"end":{"line":2,"column":31}},"2":{"start":{"line":3,"column":24},"end":{"line":3,"column":65}},"3":{"start":{"line":4,"column":13},"end":{"line":4,"column":37}},"4":{"start":{"line":6,"column":0},"end":{"line":6,"column":67}},"5":{"start":{"line":8,"column":0},"end":{"line":8,"column":83}},"6":{"start":{"line":10,"column":0},"end":{"line":10,"column":24}}},"fnMap":{},"branchMap":{},"s":{"0":1,"1":1,"2":1,"3":1,"4":1,"5":1,"6":1},"f":{},"b":{},"_coverageSchema":"1a1c01bbd47fc00a2c39e90264f33305004495a9","hash":"07ccbb39588963c24a3389e73503ec4e9177eb9c"}
,"/home/ubuntu/assignment0706/Campus-Summer-Back-End/students/steven/Canchu/routes/friendRoutes.js": {"path":"/home/ubuntu/assignment0706/Campus-Summer-Back-End/students/steven/Canchu/routes/friendRoutes.js","statementMap":{"0":{"start":{"line":1,"column":16},"end":{"line":1,"column":34}},"1":{"start":{"line":2,"column":15},"end":{"line":2,"column":31}},"2":{"start":{"line":3,"column":25},"end":{"line":3,"column":67}},"3":{"start":{"line":4,"column":13},"end":{"line":4,"column":37}},"4":{"start":{"line":6,"column":0},"end":{"line":6,"column":88}},"5":{"start":{"line":7,"column":0},"end":{"line":7,"column":90}},"6":{"start":{"line":9,"column":0},"end":{"line":9,"column":70}},"7":{"start":{"line":10,"column":0},"end":{"line":10,"column":77}},"8":{"start":{"line":12,"column":0},"end":{"line":12,"column":89}},"9":{"start":{"line":14,"column":0},"end":{"line":14,"column":24}}},"fnMap":{},"branchMap":{},"s":{"0":1,"1":1,"2":1,"3":1,"4":1,"5":1,"6":1,"7":1,"8":1,"9":1},"f":{},"b":{},"_coverageSchema":"1a1c01bbd47fc00a2c39e90264f33305004495a9","hash":"891ab3e7bf15df6666b6c458c361c4b16a31b0db"}
,"/home/ubuntu/assignment0706/Campus-Summer-Back-End/students/steven/Canchu/routes/postRoutes.js": {"path":"/home/ubuntu/assignment0706/Campus-Summer-Back-End/students/steven/Canchu/routes/postRoutes.js","statementMap":{"0":{"start":{"line":1,"column":16},"end":{"line":1,"column":34}},"1":{"start":{"line":2,"column":15},"end":{"line":2,"column":31}},"2":{"start":{"line":3,"column":23},"end":{"line":3,"column":63}},"3":{"start":{"line":4,"column":13},"end":{"line":4,"column":37}},"4":{"start":{"line":6,"column":0},"end":{"line":6,"column":89}},"5":{"start":{"line":7,"column":0},"end":{"line":7,"column":77}},"6":{"start":{"line":8,"column":0},"end":{"line":8,"column":83}},"7":{"start":{"line":10,"column":0},"end":{"line":10,"column":71}},"8":{"start":{"line":12,"column":0},"end":{"line":12,"column":72}},"9":{"start":{"line":13,"column":0},"end":{"line":13,"column":69}},"10":{"start":{"line":15,"column":0},"end":{"line":15,"column":79}},"11":{"start":{"line":17,"column":0},"end":{"line":17,"column":24}}},"fnMap":{},"branchMap":{},"s":{"0":1,"1":1,"2":1,"3":1,"4":1,"5":1,"6":1,"7":1,"8":1,"9":1,"10":1,"11":1},"f":{},"b":{},"_coverageSchema":"1a1c01bbd47fc00a2c39e90264f33305004495a9","hash":"218306ef5dd79759d4bf173f0c33f3f21910bffa"}
,"/home/ubuntu/assignment0706/Campus-Summer-Back-End/students/steven/Canchu/routes/userRoutes.js": {"path":"/home/ubuntu/assignment0706/Campus-Summer-Back-End/students/steven/Canchu/routes/userRoutes.js","statementMap":{"0":{"start":{"line":1,"column":16},"end":{"line":1,"column":34}},"1":{"start":{"line":2,"column":15},"end":{"line":2,"column":31}},"2":{"start":{"line":3,"column":23},"end":{"line":3,"column":63}},"3":{"start":{"line":4,"column":13},"end":{"line":4,"column":37}},"4":{"start":{"line":5,"column":15},"end":{"line":5,"column":32}},"5":{"start":{"line":6,"column":13},"end":{"line":6,"column":28}},"6":{"start":{"line":7,"column":11},"end":{"line":7,"column":24}},"7":{"start":{"line":9,"column":16},"end":{"line":21,"column":2}},"8":{"start":{"line":11,"column":26},"end":{"line":11,"column":62}},"9":{"start":{"line":13,"column":8},"end":{"line":15,"column":9}},"10":{"start":{"line":14,"column":12},"end":{"line":14,"column":36}},"11":{"start":{"line":16,"column":1},"end":{"line":16,"column":21}},"12":{"start":{"line":19,"column":8},"end":{"line":19,"column":51}},"13":{"start":{"line":22,"column":13},"end":{"line":22,"column":39}},"14":{"start":{"line":24,"column":0},"end":{"line":24,"column":69}},"15":{"start":{"line":25,"column":0},"end":{"line":25,"column":69}},"16":{"start":{"line":27,"column":0},"end":{"line":27,"column":102}},"17":{"start":{"line":27,"column":37},"end":{"line":27,"column":100}},"18":{"start":{"line":28,"column":0},"end":{"line":28,"column":102}},"19":{"start":{"line":28,"column":37},"end":{"line":28,"column":100}},"20":{"start":{"line":29,"column":0},"end":{"line":29,"column":79}},"21":{"start":{"line":30,"column":0},"end":{"line":30,"column":70}},"22":{"start":{"line":32,"column":0},"end":{"line":32,"column":98}},"23":{"start":{"line":33,"column":0},"end":{"line":33,"column":129}},"24":{"start":{"line":35,"column":0},"end":{"line":35,"column":24}}},"fnMap":{"0":{"name":"(anonymous_0)","decl":{"start":{"line":10,"column":17},"end":{"line":10,"column":18}},"loc":{"start":{"line":10,"column":42},"end":{"line":17,"column":5}},"line":10},"1":{"name":"(anonymous_1)","decl":{"start":{"line":18,"column":14},"end":{"line":18,"column":15}},"loc":{"start":{"line":18,"column":39},"end":{"line":20,"column":5}},"line":18},"2":{"name":"(anonymous_2)","decl":{"start":{"line":27,"column":22},"end":{"line":27,"column":23}},"loc":{"start":{"line":27,"column":36},"end":{"line":27,"column":101}},"line":27},"3":{"name":"(anonymous_3)","decl":{"start":{"line":28,"column":22},"end":{"line":28,"column":23}},"loc":{"start":{"line":28,"column":36},"end":{"line":28,"column":101}},"line":28}},"branchMap":{"0":{"loc":{"start":{"line":13,"column":8},"end":{"line":15,"column":9}},"type":"if","locations":[{"start":{"line":13,"column":8},"end":{"line":15,"column":9}},{"start":{},"end":{}}],"line":13}},"s":{"0":1,"1":1,"2":1,"3":1,"4":1,"5":1,"6":1,"7":1,"8":0,"9":0,"10":0,"11":0,"12":0,"13":1,"14":1,"15":1,"16":1,"17":0,"18":1,"19":0,"20":1,"21":1,"22":1,"23":1,"24":1},"f":{"0":0,"1":0,"2":0,"3":0},"b":{"0":[0,0]},"_coverageSchema":"1a1c01bbd47fc00a2c39e90264f33305004495a9","hash":"cda6e82ab5bc4c82627c384bee9efd5d8d666e2e"}
,"/home/ubuntu/assignment0706/Campus-Summer-Back-End/students/steven/Canchu/utils/redis.js": {"path":"/home/ubuntu/assignment0706/Campus-Summer-Back-End/students/steven/Canchu/utils/redis.js","statementMap":{"0":{"start":{"line":1,"column":14},"end":{"line":1,"column":32}},"1":{"start":{"line":3,"column":0},"end":{"line":33,"column":1}},"2":{"start":{"line":6,"column":8},"end":{"line":11,"column":67}},"3":{"start":{"line":7,"column":26},"end":{"line":7,"column":37}},"4":{"start":{"line":8,"column":27},"end":{"line":8,"column":48}},"5":{"start":{"line":9,"column":12},"end":{"line":9,"column":65}},"6":{"start":{"line":10,"column":12},"end":{"line":10,"column":25}},"7":{"start":{"line":11,"column":24},"end":{"line":11,"column":65}},"8":{"start":{"line":15,"column":8},"end":{"line":21,"column":67}},"9":{"start":{"line":16,"column":26},"end":{"line":16,"column":37}},"10":{"start":{"line":17,"column":12},"end":{"line":17,"column":45}},"11":{"start":{"line":18,"column":12},"end":{"line":20,"column":15}},"12":{"start":{"line":19,"column":16},"end":{"line":19,"column":70}},"13":{"start":{"line":21,"column":24},"end":{"line":21,"column":65}},"14":{"start":{"line":25,"column":8},"end":{"line":30,"column":67}},"15":{"start":{"line":26,"column":26},"end":{"line":26,"column":37}},"16":{"start":{"line":27,"column":12},"end":{"line":29,"column":14}},"17":{"start":{"line":28,"column":16},"end":{"line":28,"column":53}},"18":{"start":{"line":30,"column":24},"end":{"line":30,"column":65}}},"fnMap":{"0":{"name":"(anonymous_0)","decl":{"start":{"line":5,"column":15},"end":{"line":5,"column":16}},"loc":{"start":{"line":5,"column":31},"end":{"line":12,"column":5}},"line":5},"1":{"name":"(anonymous_1)","decl":{"start":{"line":14,"column":15},"end":{"line":14,"column":16}},"loc":{"start":{"line":14,"column":30},"end":{"line":22,"column":5}},"line":14},"2":{"name":"(anonymous_2)","decl":{"start":{"line":18,"column":33},"end":{"line":18,"column":34}},"loc":{"start":{"line":18,"column":45},"end":{"line":20,"column":13}},"line":18},"3":{"name":"(anonymous_3)","decl":{"start":{"line":24,"column":18},"end":{"line":24,"column":19}},"loc":{"start":{"line":24,"column":28},"end":{"line":31,"column":5}},"line":24},"4":{"name":"(anonymous_4)","decl":{"start":{"line":27,"column":33},"end":{"line":27,"column":34}},"loc":{"start":{"line":27,"column":45},"end":{"line":29,"column":13}},"line":27}},"branchMap":{},"s":{"0":1,"1":1,"2":0,"3":0,"4":0,"5":0,"6":0,"7":0,"8":0,"9":0,"10":0,"11":0,"12":0,"13":0,"14":0,"15":0,"16":0,"17":0,"18":0},"f":{"0":0,"1":0,"2":0,"3":0,"4":0},"b":{},"_coverageSchema":"1a1c01bbd47fc00a2c39e90264f33305004495a9","hash":"2588f07f6cec2708609cb8070ab6623accf40754"}
,"/home/ubuntu/assignment0706/Campus-Summer-Back-End/students/steven/Canchu/utils/util.js": {"path":"/home/ubuntu/assignment0706/Campus-Summer-Back-End/students/steven/Canchu/utils/util.js","statementMap":{"0":{"start":{"line":1,"column":12},"end":{"line":1,"column":35}},"1":{"start":{"line":4,"column":0},"end":{"line":58,"column":1}},"2":{"start":{"line":7,"column":22},"end":{"line":7,"column":47}},"3":{"start":{"line":8,"column":8},"end":{"line":10,"column":9}},"4":{"start":{"line":9,"column":12},"end":{"line":9,"column":72}},"5":{"start":{"line":11,"column":28},"end":{"line":11,"column":47}},"6":{"start":{"line":12,"column":8},"end":{"line":19,"column":9}},"7":{"start":{"line":14,"column":28},"end":{"line":14,"column":73}},"8":{"start":{"line":15,"column":12},"end":{"line":15,"column":31}},"9":{"start":{"line":16,"column":12},"end":{"line":16,"column":19}},"10":{"start":{"line":18,"column":12},"end":{"line":18,"column":68}},"11":{"start":{"line":23,"column":21},"end":{"line":23,"column":44}},"12":{"start":{"line":24,"column":8},"end":{"line":26,"column":26}},"13":{"start":{"line":25,"column":12},"end":{"line":25,"column":74}},"14":{"start":{"line":26,"column":17},"end":{"line":26,"column":24}},"15":{"start":{"line":30,"column":21},"end":{"line":30,"column":44}},"16":{"start":{"line":31,"column":1},"end":{"line":31,"column":46}},"17":{"start":{"line":32,"column":8},"end":{"line":35,"column":26}},"18":{"start":{"line":33,"column":12},"end":{"line":33,"column":40}},"19":{"start":{"line":34,"column":12},"end":{"line":34,"column":74}},"20":{"start":{"line":35,"column":17},"end":{"line":35,"column":24}},"21":{"start":{"line":40,"column":22},"end":{"line":40,"column":82}},"22":{"start":{"line":41,"column":8},"end":{"line":41,"column":21}},"23":{"start":{"line":45,"column":27},"end":{"line":45,"column":55}},"24":{"start":{"line":46,"column":8},"end":{"line":50,"column":9}},"25":{"start":{"line":47,"column":12},"end":{"line":47,"column":23}},"26":{"start":{"line":49,"column":12},"end":{"line":49,"column":24}},"27":{"start":{"line":54,"column":8},"end":{"line":54,"column":56}},"28":{"start":{"line":55,"column":8},"end":{"line":55,"column":48}},"29":{"start":{"line":56,"column":8},"end":{"line":56,"column":63}}},"fnMap":{"0":{"name":"(anonymous_0)","decl":{"start":{"line":6,"column":22},"end":{"line":6,"column":23}},"loc":{"start":{"line":6,"column":42},"end":{"line":20,"column":5}},"line":6},"1":{"name":"(anonymous_1)","decl":{"start":{"line":22,"column":20},"end":{"line":22,"column":21}},"loc":{"start":{"line":22,"column":38},"end":{"line":27,"column":5}},"line":22},"2":{"name":"(anonymous_2)","decl":{"start":{"line":29,"column":25},"end":{"line":29,"column":26}},"loc":{"start":{"line":29,"column":43},"end":{"line":36,"column":5}},"line":29},"3":{"name":"(anonymous_3)","decl":{"start":{"line":38,"column":19},"end":{"line":38,"column":20}},"loc":{"start":{"line":38,"column":32},"end":{"line":42,"column":5}},"line":38},"4":{"name":"(anonymous_4)","decl":{"start":{"line":44,"column":19},"end":{"line":44,"column":20}},"loc":{"start":{"line":44,"column":30},"end":{"line":51,"column":5}},"line":44},"5":{"name":"(anonymous_5)","decl":{"start":{"line":53,"column":19},"end":{"line":53,"column":20}},"loc":{"start":{"line":53,"column":37},"end":{"line":57,"column":5}},"line":53}},"branchMap":{"0":{"loc":{"start":{"line":8,"column":8},"end":{"line":10,"column":9}},"type":"if","locations":[{"start":{"line":8,"column":8},"end":{"line":10,"column":9}},{"start":{},"end":{}}],"line":8},"1":{"loc":{"start":{"line":8,"column":12},"end":{"line":8,"column":50}},"type":"binary-expr","locations":[{"start":{"line":8,"column":12},"end":{"line":8,"column":18}},{"start":{"line":8,"column":22},"end":{"line":8,"column":50}}],"line":8},"2":{"loc":{"start":{"line":24,"column":8},"end":{"line":26,"column":26}},"type":"if","locations":[{"start":{"line":24,"column":8},"end":{"line":26,"column":26}},{"start":{"line":26,"column":15},"end":{"line":26,"column":26}}],"line":24},"3":{"loc":{"start":{"line":32,"column":8},"end":{"line":35,"column":26}},"type":"if","locations":[{"start":{"line":32,"column":8},"end":{"line":35,"column":26}},{"start":{"line":35,"column":15},"end":{"line":35,"column":26}}],"line":32},"4":{"loc":{"start":{"line":46,"column":8},"end":{"line":50,"column":9}},"type":"if","locations":[{"start":{"line":46,"column":8},"end":{"line":50,"column":9}},{"start":{"line":48,"column":15},"end":{"line":50,"column":9}}],"line":46}},"s":{"0":1,"1":1,"2":0,"3":0,"4":0,"5":0,"6":0,"7":0,"8":0,"9":0,"10":0,"11":1,"12":1,"13":0,"14":1,"15":0,"16":0,"17":0,"18":0,"19":0,"20":0,"21":1,"22":1,"23":0,"24":0,"25":0,"26":0,"27":0,"28":0,"29":0},"f":{"0":0,"1":1,"2":0,"3":1,"4":0,"5":0},"b":{"0":[0,0],"1":[0,0],"2":[0,1],"3":[0,0],"4":[0,0]},"_coverageSchema":"1a1c01bbd47fc00a2c39e90264f33305004495a9","hash":"30897ee2d8c52837c764e6caea20458d6715a949"}
}
