TN:
SF:server.js
FN:28,(anonymous_0)
FN:46,(anonymous_1)
FN:48,(anonymous_2)
FNF:3
FNH:1
FNDA:0,(anonymous_0)
FNDA:0,(anonymous_1)
FNDA:1,(anonymous_2)
DA:1,1
DA:2,1
DA:3,1
DA:4,1
DA:5,1
DA:6,1
DA:7,1
DA:10,1
DA:15,1
DA:18,1
DA:21,1
DA:24,1
DA:27,1
DA:28,1
DA:29,0
DA:30,0
DA:34,1
DA:35,1
DA:37,1
DA:38,1
DA:40,1
DA:41,1
DA:43,1
DA:44,1
DA:46,1
DA:48,1
DA:49,1
DA:52,1
LF:28
LH:26
BRF:0
BRH:0
end_of_record
TN:
SF:controllers/eventController.js
FN:4,(anonymous_0)
FN:8,(anonymous_1)
FNF:2
FNH:0
FNDA:0,(anonymous_0)
FNDA:0,(anonymous_1)
DA:1,1
DA:3,1
DA:5,0
DA:6,0
DA:9,0
DA:10,0
DA:11,0
LF:7
LH:2
BRF:0
BRH:0
end_of_record
TN:
SF:controllers/friendController.js
FN:4,(anonymous_0)
FN:8,(anonymous_1)
FN:12,(anonymous_2)
FN:16,(anonymous_3)
FN:20,(anonymous_4)
FNF:5
FNH:0
FNDA:0,(anonymous_0)
FNDA:0,(anonymous_1)
FNDA:0,(anonymous_2)
FNDA:0,(anonymous_3)
FNDA:0,(anonymous_4)
DA:1,1
DA:3,1
DA:5,0
DA:6,0
DA:9,0
DA:10,0
DA:13,0
DA:14,0
DA:17,0
DA:18,0
DA:21,0
DA:22,0
DA:23,0
LF:13
LH:2
BRF:0
BRH:0
end_of_record
TN:
SF:controllers/postController.js
FN:4,(anonymous_0)
FN:10,(anonymous_1)
FN:16,(anonymous_2)
FN:23,(anonymous_3)
FN:29,(anonymous_4)
FN:36,(anonymous_5)
FN:41,(anonymous_6)
FNF:7
FNH:0
FNDA:0,(anonymous_0)
FNDA:0,(anonymous_1)
FNDA:0,(anonymous_2)
FNDA:0,(anonymous_3)
FNDA:0,(anonymous_4)
FNDA:0,(anonymous_5)
FNDA:0,(anonymous_6)
DA:1,1
DA:3,1
DA:5,0
DA:6,0
DA:7,0
DA:8,0
DA:11,0
DA:12,0
DA:13,0
DA:14,0
DA:17,0
DA:18,0
DA:19,0
DA:20,0
DA:21,0
DA:24,0
DA:25,0
DA:26,0
DA:27,0
DA:30,0
DA:31,0
DA:32,0
DA:33,0
DA:34,0
DA:37,0
DA:38,0
DA:39,0
DA:42,0
DA:43,0
DA:44,0
LF:30
LH:2
BRF:0
BRH:0
end_of_record
TN:
SF:controllers/userController.js
FN:5,(anonymous_0)
FN:22,(anonymous_1)
FN:44,(anonymous_2)
FN:59,(anonymous_3)
FN:64,(anonymous_4)
FN:70,(anonymous_5)
FN:75,(anonymous_6)
FNF:7
FNH:1
FNDA:1,(anonymous_0)
FNDA:0,(anonymous_1)
FNDA:0,(anonymous_2)
FNDA:0,(anonymous_3)
FNDA:0,(anonymous_4)
FNDA:0,(anonymous_5)
FNDA:0,(anonymous_6)
DA:1,1
DA:2,1
DA:4,1
DA:6,1
DA:7,1
DA:8,0
DA:10,1
DA:11,0
DA:13,1
DA:14,0
DA:16,1
DA:17,0
DA:19,1
DA:20,0
DA:23,0
DA:24,0
DA:31,0
DA:32,0
DA:40,1
DA:46,0
DA:48,0
DA:49,0
DA:51,0
DA:52,0
DA:53,0
DA:55,0
DA:60,0
DA:61,0
DA:65,0
DA:66,0
DA:67,0
DA:71,0
DA:72,0
DA:76,0
DA:77,0
LF:35
LH:10
BRDA:7,0,0,0
BRDA:7,0,1,1
BRDA:10,1,0,0
BRDA:10,1,1,1
BRDA:10,2,0,1
BRDA:10,2,1,0
BRDA:13,3,0,0
BRDA:13,3,1,1
BRDA:13,4,0,1
BRDA:13,4,1,1
BRDA:13,4,2,1
BRDA:16,5,0,0
BRDA:16,5,1,1
BRDA:16,6,0,1
BRDA:16,6,1,0
BRDA:19,7,0,0
BRDA:19,7,1,1
BRDA:48,8,0,0
BRDA:48,8,1,0
BRDA:48,9,0,0
BRDA:48,9,1,0
BRDA:48,9,2,0
BRDA:52,10,0,0
BRDA:52,10,1,0
BRF:24
BRH:10
end_of_record
TN:
SF:models/eventModel.js
FN:12,(anonymous_0)
FN:16,(anonymous_1)
FN:38,(anonymous_2)
FNF:3
FNH:0
FNDA:0,(anonymous_0)
FNDA:0,(anonymous_1)
FNDA:0,(anonymous_2)
DA:1,1
DA:2,1
DA:4,1
DA:11,1
DA:13,0
DA:14,0
DA:15,0
DA:16,0
DA:17,0
DA:18,0
DA:28,0
DA:33,0
DA:35,0
DA:39,0
DA:40,0
DA:41,0
DA:42,0
DA:43,0
DA:45,0
DA:46,0
DA:47,0
DA:54,0
DA:57,0
LF:23
LH:4
BRDA:5,0,0,1
BRDA:5,0,1,0
BRDA:21,1,0,0
BRDA:21,1,1,0
BRDA:42,2,0,0
BRDA:42,2,1,0
BRF:6
BRH:1
end_of_record
TN:
SF:models/friendModel.js
FN:13,(anonymous_0)
FN:54,(anonymous_1)
FN:92,(anonymous_2)
FN:130,(anonymous_3)
FN:149,(anonymous_4)
FN:170,(anonymous_5)
FN:182,(anonymous_6)
FNF:7
FNH:0
FNDA:0,(anonymous_0)
FNDA:0,(anonymous_1)
FNDA:0,(anonymous_2)
FNDA:0,(anonymous_3)
FNDA:0,(anonymous_4)
FNDA:0,(anonymous_5)
FNDA:0,(anonymous_6)
DA:1,1
DA:2,1
DA:3,1
DA:5,1
DA:12,1
DA:14,0
DA:15,0
DA:16,0
DA:17,0
DA:18,0
DA:19,0
DA:21,0
DA:22,0
DA:23,0
DA:24,0
DA:28,0
DA:29,0
DA:30,0
DA:31,0
DA:32,0
DA:33,0
DA:34,0
DA:35,0
DA:43,0
DA:44,0
DA:45,0
DA:47,0
DA:51,0
DA:56,0
DA:57,0
DA:58,0
DA:59,0
DA:60,0
DA:61,0
DA:62,0
DA:64,0
DA:65,0
DA:66,0
DA:67,0
DA:69,0
DA:70,0
DA:73,0
DA:74,0
DA:77,0
DA:85,0
DA:89,0
DA:94,0
DA:95,0
DA:96,0
DA:97,0
DA:98,0
DA:99,0
DA:100,0
DA:102,0
DA:103,0
DA:104,0
DA:106,0
DA:107,0
DA:108,0
DA:110,0
DA:111,0
DA:114,0
DA:115,0
DA:118,0
DA:127,0
DA:131,0
DA:132,0
DA:148,0
DA:149,0
DA:150,0
DA:151,0
DA:161,0
DA:167,0
DA:171,0
DA:172,0
DA:181,0
DA:182,0
DA:183,0
DA:184,0
DA:194,0
DA:200,0
LF:81
LH:5
BRDA:6,0,0,1
BRDA:6,0,1,0
BRDA:14,1,0,0
BRDA:14,1,1,0
BRDA:18,2,0,0
BRDA:18,2,1,0
BRDA:23,3,0,0
BRDA:23,3,1,0
BRDA:24,4,0,0
BRDA:24,4,1,0
BRDA:43,5,0,0
BRDA:43,5,1,0
BRDA:59,6,0,0
BRDA:59,6,1,0
BRDA:61,7,0,0
BRDA:61,7,1,0
BRDA:61,8,0,0
BRDA:61,8,1,0
BRDA:65,9,0,0
BRDA:65,9,1,0
BRDA:97,10,0,0
BRDA:97,10,1,0
BRDA:99,11,0,0
BRDA:99,11,1,0
BRF:24
BRH:1
end_of_record
TN:
SF:models/postModel.js
FN:13,(anonymous_0)
FN:44,(anonymous_1)
FN:66,(anonymous_2)
FN:92,(anonymous_3)
FN:113,(anonymous_4)
FN:141,(anonymous_5)
FN:155,(anonymous_6)
FN:190,(anonymous_7)
FN:267,(anonymous_8)
FNF:9
FNH:0
FNDA:0,(anonymous_0)
FNDA:0,(anonymous_1)
FNDA:0,(anonymous_2)
FNDA:0,(anonymous_3)
FNDA:0,(anonymous_4)
FNDA:0,(anonymous_5)
FNDA:0,(anonymous_6)
FNDA:0,(anonymous_7)
FNDA:0,(anonymous_8)
DA:1,1
DA:2,1
DA:3,1
DA:5,1
DA:12,1
DA:14,0
DA:15,0
DA:18,0
DA:19,0
DA:20,0
DA:21,0
DA:24,0
DA:25,0
DA:26,0
DA:27,0
DA:30,0
DA:38,0
DA:41,0
DA:45,0
DA:46,0
DA:48,0
DA:49,0
DA:51,0
DA:52,0
DA:54,0
DA:61,0
DA:63,0
DA:67,0
DA:69,0
DA:70,0
DA:71,0
DA:73,0
DA:74,0
DA:75,0
DA:77,0
DA:87,0
DA:89,0
DA:93,0
DA:95,0
DA:96,0
DA:98,0
DA:99,0
DA:101,0
DA:108,0
DA:110,0
DA:114,0
DA:116,0
DA:117,0
DA:118,0
DA:120,0
DA:121,0
DA:125,0
DA:126,0
DA:128,0
DA:135,0
DA:138,0
DA:142,0
DA:143,0
DA:145,0
DA:146,0
DA:147,0
DA:149,0
DA:150,0
DA:152,0
DA:153,0
DA:155,0
DA:156,0
DA:157,0
DA:169,0
DA:185,0
DA:187,0
DA:191,0
DA:192,0
DA:194,0
DA:265,0
DA:266,0
DA:267,0
DA:268,0
DA:270,0
DA:279,0
DA:291,0
DA:297,0
DA:299,0
LF:83
LH:5
BRDA:6,0,0,1
BRDA:6,0,1,0
BRDA:120,1,0,0
BRDA:120,1,1,0
BRDA:176,2,0,0
BRDA:176,2,1,0
BRDA:192,3,0,0
BRDA:192,3,1,0
BRDA:194,4,0,0
BRDA:194,4,1,0
BRDA:265,5,0,0
BRDA:265,5,1,0
BRDA:266,6,0,0
BRDA:266,6,1,0
BRDA:284,7,0,0
BRDA:284,7,1,0
BRDA:294,8,0,0
BRDA:294,8,1,0
BRF:18
BRH:1
end_of_record
TN:
SF:models/userModel.js
FN:15,(anonymous_0)
FN:19,(anonymous_1)
FN:41,(anonymous_2)
FN:49,(anonymous_3)
FN:82,(anonymous_4)
FN:125,(anonymous_5)
FN:149,(anonymous_6)
FN:199,(anonymous_7)
FN:227,(anonymous_8)
FNF:9
FNH:2
FNDA:0,(anonymous_0)
FNDA:0,(anonymous_1)
FNDA:1,(anonymous_2)
FNDA:1,(anonymous_3)
FNDA:0,(anonymous_4)
FNDA:0,(anonymous_5)
FNDA:0,(anonymous_6)
FNDA:0,(anonymous_7)
FNDA:0,(anonymous_8)
DA:1,1
DA:2,1
DA:3,1
DA:4,1
DA:6,1
DA:13,1
DA:16,0
DA:17,0
DA:18,0
DA:19,0
DA:20,0
DA:21,0
DA:22,0
DA:32,0
DA:38,0
DA:42,1
DA:43,1
DA:44,1
DA:45,1
DA:46,0
DA:48,1
DA:49,1
DA:50,1
DA:51,0
DA:54,1
DA:64,1
DA:65,1
DA:83,0
DA:84,0
DA:85,0
DA:86,0
DA:87,0
DA:89,0
DA:90,0
DA:92,0
DA:93,0
DA:94,0
DA:95,0
DA:96,0
DA:106,0
DA:107,0
DA:121,0
DA:127,0
DA:130,0
DA:131,0
DA:135,0
DA:148,0
DA:149,0
DA:154,0
DA:155,0
DA:157,0
DA:158,0
DA:159,0
DA:160,0
DA:162,0
DA:163,0
DA:166,0
DA:170,0
DA:193,0
DA:195,0
DA:200,0
DA:201,0
DA:202,0
DA:203,0
DA:204,0
DA:206,0
DA:207,0
DA:210,0
DA:213,0
DA:220,0
DA:223,0
DA:228,0
DA:229,0
DA:230,0
DA:231,0
DA:232,0
DA:233,0
DA:236,0
DA:237,0
DA:241,0
DA:242,0
DA:247,0
DA:250,0
DA:255,0
DA:258,0
LF:85
LH:16
BRDA:7,0,0,1
BRDA:7,0,1,0
BRDA:26,1,0,0
BRDA:26,1,1,0
BRDA:45,2,0,0
BRDA:45,2,1,1
BRDA:50,3,0,0
BRDA:50,3,1,1
BRDA:87,4,0,0
BRDA:87,4,1,0
BRDA:149,5,0,0
BRDA:149,5,1,0
BRDA:155,6,0,0
BRDA:155,6,1,0
BRDA:159,7,0,0
BRDA:159,7,1,0
BRDA:172,8,0,0
BRDA:172,8,1,0
BRDA:180,9,0,0
BRDA:180,9,1,0
BRDA:189,10,0,0
BRDA:189,10,1,0
BRDA:203,11,0,0
BRDA:203,11,1,0
BRDA:232,12,0,0
BRDA:232,12,1,0
BRF:26
BRH:3
end_of_record
TN:
SF:routes/eventRoutes.js
FNF:0
FNH:0
DA:1,1
DA:2,1
DA:3,1
DA:4,1
DA:6,1
DA:8,1
DA:10,1
LF:7
LH:7
BRF:0
BRH:0
end_of_record
TN:
SF:routes/friendRoutes.js
FNF:0
FNH:0
DA:1,1
DA:2,1
DA:3,1
DA:4,1
DA:6,1
DA:7,1
DA:9,1
DA:10,1
DA:12,1
DA:14,1
LF:10
LH:10
BRF:0
BRH:0
end_of_record
TN:
SF:routes/postRoutes.js
FNF:0
FNH:0
DA:1,1
DA:2,1
DA:3,1
DA:4,1
DA:6,1
DA:7,1
DA:8,1
DA:10,1
DA:12,1
DA:13,1
DA:15,1
DA:17,1
LF:12
LH:12
BRF:0
BRH:0
end_of_record
TN:
SF:routes/userRoutes.js
FN:10,(anonymous_0)
FN:18,(anonymous_1)
FN:27,(anonymous_2)
FN:28,(anonymous_3)
FNF:4
FNH:0
FNDA:0,(anonymous_0)
FNDA:0,(anonymous_1)
FNDA:0,(anonymous_2)
FNDA:0,(anonymous_3)
DA:1,1
DA:2,1
DA:3,1
DA:4,1
DA:5,1
DA:6,1
DA:7,1
DA:9,1
DA:11,0
DA:13,0
DA:14,0
DA:16,0
DA:19,0
DA:22,1
DA:24,1
DA:25,1
DA:27,1
DA:28,1
DA:29,1
DA:30,1
DA:32,1
DA:33,1
DA:35,1
LF:23
LH:18
BRDA:13,0,0,0
BRDA:13,0,1,0
BRF:2
BRH:0
end_of_record
TN:
SF:utils/redis.js
FN:5,(anonymous_0)
FN:14,(anonymous_1)
FN:18,(anonymous_2)
FN:24,(anonymous_3)
FN:27,(anonymous_4)
FNF:5
FNH:0
FNDA:0,(anonymous_0)
FNDA:0,(anonymous_1)
FNDA:0,(anonymous_2)
FNDA:0,(anonymous_3)
FNDA:0,(anonymous_4)
DA:1,1
DA:3,1
DA:6,0
DA:7,0
DA:8,0
DA:9,0
DA:10,0
DA:11,0
DA:15,0
DA:16,0
DA:17,0
DA:18,0
DA:19,0
DA:21,0
DA:25,0
DA:26,0
DA:27,0
DA:28,0
DA:30,0
LF:19
LH:2
BRF:0
BRH:0
end_of_record
TN:
SF:utils/util.js
FN:6,(anonymous_0)
FN:22,(anonymous_1)
FN:29,(anonymous_2)
FN:38,(anonymous_3)
FN:44,(anonymous_4)
FN:53,(anonymous_5)
FNF:6
FNH:2
FNDA:0,(anonymous_0)
FNDA:1,(anonymous_1)
FNDA:0,(anonymous_2)
FNDA:1,(anonymous_3)
FNDA:0,(anonymous_4)
FNDA:0,(anonymous_5)
DA:1,1
DA:4,1
DA:7,0
DA:8,0
DA:9,0
DA:11,0
DA:12,0
DA:14,0
DA:15,0
DA:16,0
DA:18,0
DA:23,1
DA:24,1
DA:25,0
DA:26,1
DA:30,0
DA:31,0
DA:32,0
DA:33,0
DA:34,0
DA:35,0
DA:40,1
DA:41,1
DA:45,0
DA:46,0
DA:47,0
DA:49,0
DA:54,0
DA:55,0
DA:56,0
LF:30
LH:7
BRDA:8,0,0,0
BRDA:8,0,1,0
BRDA:8,1,0,0
BRDA:8,1,1,0
BRDA:24,2,0,0
BRDA:24,2,1,1
BRDA:32,3,0,0
BRDA:32,3,1,0
BRDA:46,4,0,0
BRDA:46,4,1,0
BRF:10
BRH:1
end_of_record
